c:\users\james\documents\github\quake2-full\game\release\g_ai.nativecodeanalysis.sarif
c:\users\james\documents\github\quake2-full\game\release\g_ai.nativecodeanalysis.xml
c:\users\james\documents\github\quake2-full\game\release\g_chase.nativecodeanalysis.sarif
c:\users\james\documents\github\quake2-full\game\release\g_chase.nativecodeanalysis.xml
c:\users\james\documents\github\quake2-full\game\release\g_cmds.nativecodeanalysis.sarif
c:\users\james\documents\github\quake2-full\game\release\g_cmds.nativecodeanalysis.xml
c:\users\james\documents\github\quake2-full\game\release\g_combat.nativecodeanalysis.sarif
c:\users\james\documents\github\quake2-full\game\release\g_combat.nativecodeanalysis.xml
c:\users\james\documents\github\quake2-full\game\release\g_func.nativecodeanalysis.sarif
c:\users\james\documents\github\quake2-full\game\release\g_func.nativecodeanalysis.xml
c:\users\james\documents\github\quake2-full\game\release\g_items.nativecodeanalysis.sarif
c:\users\james\documents\github\quake2-full\game\release\g_items.nativecodeanalysis.xml
c:\users\james\documents\github\quake2-full\game\release\g_main.nativecodeanalysis.sarif
c:\users\james\documents\github\quake2-full\game\release\g_main.nativecodeanalysis.xml
c:\users\james\documents\github\quake2-full\game\release\g_misc.nativecodeanalysis.sarif
c:\users\james\documents\github\quake2-full\game\release\g_misc.nativecodeanalysis.xml
c:\users\james\documents\github\quake2-full\game\release\g_monster.nativecodeanalysis.sarif
c:\users\james\documents\github\quake2-full\game\release\g_monster.nativecodeanalysis.xml
c:\users\james\documents\github\quake2-full\game\release\g_phys.nativecodeanalysis.sarif
c:\users\james\documents\github\quake2-full\game\release\g_phys.nativecodeanalysis.xml
c:\users\james\documents\github\quake2-full\game\release\g_save.nativecodeanalysis.sarif
c:\users\james\documents\github\quake2-full\game\release\g_save.nativecodeanalysis.xml
c:\users\james\documents\github\quake2-full\game\release\g_spawn.nativecodeanalysis.sarif
c:\users\james\documents\github\quake2-full\game\release\g_spawn.nativecodeanalysis.xml
c:\users\james\documents\github\quake2-full\game\release\g_svcmds.nativecodeanalysis.sarif
c:\users\james\documents\github\quake2-full\game\release\g_svcmds.nativecodeanalysis.xml
c:\users\james\documents\github\quake2-full\game\release\g_target.nativecodeanalysis.sarif
c:\users\james\documents\github\quake2-full\game\release\g_target.nativecodeanalysis.xml
c:\users\james\documents\github\quake2-full\game\release\g_trigger.nativecodeanalysis.sarif
c:\users\james\documents\github\quake2-full\game\release\g_trigger.nativecodeanalysis.xml
c:\users\james\documents\github\quake2-full\game\release\g_turret.nativecodeanalysis.sarif
c:\users\james\documents\github\quake2-full\game\release\g_turret.nativecodeanalysis.xml
c:\users\james\documents\github\quake2-full\game\release\g_utils.nativecodeanalysis.sarif
c:\users\james\documents\github\quake2-full\game\release\g_utils.nativecodeanalysis.xml
c:\users\james\documents\github\quake2-full\game\release\g_weapon.nativecodeanalysis.sarif
c:\users\james\documents\github\quake2-full\game\release\g_weapon.nativecodeanalysis.xml
c:\users\james\documents\github\quake2-full\game\release\m_actor.nativecodeanalysis.sarif
c:\users\james\documents\github\quake2-full\game\release\m_actor.nativecodeanalysis.xml
c:\users\james\documents\github\quake2-full\game\release\m_berserk.nativecodeanalysis.sarif
c:\users\james\documents\github\quake2-full\game\release\m_berserk.nativecodeanalysis.xml
c:\users\james\documents\github\quake2-full\game\release\m_berserk.obj
c:\users\james\documents\github\quake2-full\game\release\m_actor.obj
c:\users\james\documents\github\quake2-full\game\release\g_weapon.obj
c:\users\james\documents\github\quake2-full\game\release\g_utils.obj
c:\users\james\documents\github\quake2-full\game\release\g_turret.obj
c:\users\james\documents\github\quake2-full\game\release\g_trigger.obj
c:\users\james\documents\github\quake2-full\game\release\g_target.obj
c:\users\james\documents\github\quake2-full\game\release\g_svcmds.obj
c:\users\james\documents\github\quake2-full\game\release\g_spawn.obj
c:\users\james\documents\github\quake2-full\game\release\g_save.obj
c:\users\james\documents\github\quake2-full\game\release\g_phys.obj
c:\users\james\documents\github\quake2-full\game\release\g_monster.obj
c:\users\james\documents\github\quake2-full\game\release\g_misc.obj
c:\users\james\documents\github\quake2-full\game\release\g_main.obj
c:\users\james\documents\github\quake2-full\game\release\g_items.obj
c:\users\james\documents\github\quake2-full\game\release\g_func.obj
c:\users\james\documents\github\quake2-full\game\release\g_combat.obj
c:\users\james\documents\github\quake2-full\game\release\g_cmds.obj
c:\users\james\documents\github\quake2-full\game\release\g_chase.obj
c:\users\james\documents\github\quake2-full\game\release\g_ai.obj
c:\users\james\documents\github\quake2-full\game\release\m_boss2.nativecodeanalysis.sarif
c:\users\james\documents\github\quake2-full\game\release\m_boss2.nativecodeanalysis.xml
c:\users\james\documents\github\quake2-full\game\release\m_boss3.nativecodeanalysis.sarif
c:\users\james\documents\github\quake2-full\game\release\m_boss3.nativecodeanalysis.xml
c:\users\james\documents\github\quake2-full\game\release\m_boss31.nativecodeanalysis.sarif
c:\users\james\documents\github\quake2-full\game\release\m_boss31.nativecodeanalysis.xml
c:\users\james\documents\github\quake2-full\game\release\m_boss32.nativecodeanalysis.sarif
c:\users\james\documents\github\quake2-full\game\release\m_boss32.nativecodeanalysis.xml
c:\users\james\documents\github\quake2-full\game\release\m_brain.nativecodeanalysis.sarif
c:\users\james\documents\github\quake2-full\game\release\m_brain.nativecodeanalysis.xml
c:\users\james\documents\github\quake2-full\game\release\m_chick.nativecodeanalysis.sarif
c:\users\james\documents\github\quake2-full\game\release\m_chick.nativecodeanalysis.xml
c:\users\james\documents\github\quake2-full\game\release\m_flash.nativecodeanalysis.sarif
c:\users\james\documents\github\quake2-full\game\release\m_flash.nativecodeanalysis.xml
c:\users\james\documents\github\quake2-full\game\release\m_flipper.nativecodeanalysis.sarif
c:\users\james\documents\github\quake2-full\game\release\m_flipper.nativecodeanalysis.xml
c:\users\james\documents\github\quake2-full\game\release\m_float.nativecodeanalysis.sarif
c:\users\james\documents\github\quake2-full\game\release\m_float.nativecodeanalysis.xml
c:\users\james\documents\github\quake2-full\game\release\m_flyer.nativecodeanalysis.sarif
c:\users\james\documents\github\quake2-full\game\release\m_flyer.nativecodeanalysis.xml
c:\users\james\documents\github\quake2-full\game\release\m_gladiator.nativecodeanalysis.sarif
c:\users\james\documents\github\quake2-full\game\release\m_gladiator.nativecodeanalysis.xml
c:\users\james\documents\github\quake2-full\game\release\m_gunner.nativecodeanalysis.sarif
c:\users\james\documents\github\quake2-full\game\release\m_gunner.nativecodeanalysis.xml
c:\users\james\documents\github\quake2-full\game\release\m_hover.nativecodeanalysis.sarif
c:\users\james\documents\github\quake2-full\game\release\m_hover.nativecodeanalysis.xml
c:\users\james\documents\github\quake2-full\game\release\m_infantry.nativecodeanalysis.sarif
c:\users\james\documents\github\quake2-full\game\release\m_infantry.nativecodeanalysis.xml
c:\users\james\documents\github\quake2-full\game\release\m_insane.nativecodeanalysis.sarif
c:\users\james\documents\github\quake2-full\game\release\m_insane.nativecodeanalysis.xml
c:\users\james\documents\github\quake2-full\game\release\m_medic.nativecodeanalysis.sarif
c:\users\james\documents\github\quake2-full\game\release\m_medic.nativecodeanalysis.xml
c:\users\james\documents\github\quake2-full\game\release\m_move.nativecodeanalysis.sarif
c:\users\james\documents\github\quake2-full\game\release\m_move.nativecodeanalysis.xml
c:\users\james\documents\github\quake2-full\game\release\m_mutant.nativecodeanalysis.sarif
c:\users\james\documents\github\quake2-full\game\release\m_mutant.nativecodeanalysis.xml
c:\users\james\documents\github\quake2-full\game\release\m_parasite.nativecodeanalysis.sarif
c:\users\james\documents\github\quake2-full\game\release\m_parasite.nativecodeanalysis.xml
c:\users\james\documents\github\quake2-full\game\release\m_soldier.nativecodeanalysis.sarif
c:\users\james\documents\github\quake2-full\game\release\m_soldier.nativecodeanalysis.xml
c:\users\james\documents\github\quake2-full\game\release\m_soldier.obj
c:\users\james\documents\github\quake2-full\game\release\m_parasite.obj
c:\users\james\documents\github\quake2-full\game\release\m_mutant.obj
c:\users\james\documents\github\quake2-full\game\release\m_move.obj
c:\users\james\documents\github\quake2-full\game\release\m_medic.obj
c:\users\james\documents\github\quake2-full\game\release\m_insane.obj
c:\users\james\documents\github\quake2-full\game\release\m_infantry.obj
c:\users\james\documents\github\quake2-full\game\release\m_hover.obj
c:\users\james\documents\github\quake2-full\game\release\m_gunner.obj
c:\users\james\documents\github\quake2-full\game\release\m_gladiator.obj
c:\users\james\documents\github\quake2-full\game\release\m_flyer.obj
c:\users\james\documents\github\quake2-full\game\release\m_float.obj
c:\users\james\documents\github\quake2-full\game\release\m_flipper.obj
c:\users\james\documents\github\quake2-full\game\release\m_flash.obj
c:\users\james\documents\github\quake2-full\game\release\m_chick.obj
c:\users\james\documents\github\quake2-full\game\release\m_brain.obj
c:\users\james\documents\github\quake2-full\game\release\m_boss32.obj
c:\users\james\documents\github\quake2-full\game\release\m_boss31.obj
c:\users\james\documents\github\quake2-full\game\release\m_boss3.obj
c:\users\james\documents\github\quake2-full\game\release\m_boss2.obj
c:\users\james\documents\github\quake2-full\game\release\m_supertank.nativecodeanalysis.sarif
c:\users\james\documents\github\quake2-full\game\release\m_supertank.nativecodeanalysis.xml
c:\users\james\documents\github\quake2-full\game\release\m_tank.nativecodeanalysis.sarif
c:\users\james\documents\github\quake2-full\game\release\m_tank.nativecodeanalysis.xml
c:\users\james\documents\github\quake2-full\game\release\p_client.nativecodeanalysis.sarif
c:\users\james\documents\github\quake2-full\game\release\p_client.nativecodeanalysis.xml
c:\users\james\documents\github\quake2-full\game\release\p_hud.nativecodeanalysis.sarif
c:\users\james\documents\github\quake2-full\game\release\p_hud.nativecodeanalysis.xml
c:\users\james\documents\github\quake2-full\game\release\p_trail.nativecodeanalysis.sarif
c:\users\james\documents\github\quake2-full\game\release\p_trail.nativecodeanalysis.xml
c:\users\james\documents\github\quake2-full\game\release\p_view.nativecodeanalysis.sarif
c:\users\james\documents\github\quake2-full\game\release\p_view.nativecodeanalysis.xml
c:\users\james\documents\github\quake2-full\game\release\p_weapon.nativecodeanalysis.sarif
c:\users\james\documents\github\quake2-full\game\release\p_weapon.nativecodeanalysis.xml
c:\users\james\documents\github\quake2-full\game\release\q_shared.nativecodeanalysis.sarif
c:\users\james\documents\github\quake2-full\game\release\q_shared.nativecodeanalysis.xml
c:\users\james\documents\github\quake2-full\game\release\q_shared.obj
c:\users\james\documents\github\quake2-full\game\release\p_weapon.obj
c:\users\james\documents\github\quake2-full\game\release\p_view.obj
c:\users\james\documents\github\quake2-full\game\release\p_trail.obj
c:\users\james\documents\github\quake2-full\game\release\p_hud.obj
c:\users\james\documents\github\quake2-full\game\release\p_client.obj
c:\users\james\documents\github\quake2-full\game\release\m_tank.obj
c:\users\james\documents\github\quake2-full\game\release\m_supertank.obj
c:\users\james\documents\github\quake2-full\game\release\gamex86.dll
c:\users\james\documents\github\quake2-full\release\gamex86.lib
c:\users\james\documents\github\quake2-full\release\gamex86.exp
c:\users\james\documents\github\quake2-full\game\release\nativecodeanalysis.read.1.tlog
c:\users\james\documents\github\quake2-full\game\release\vc.nativecodeanalysis.all.xml
c:\users\james\documents\github\quake2-full\game\release\game.tlog\cl.command.1.tlog
c:\users\james\documents\github\quake2-full\game\release\game.tlog\cl.read.1.tlog
c:\users\james\documents\github\quake2-full\game\release\game.tlog\cl.write.1.tlog
c:\users\james\documents\github\quake2-full\game\release\game.tlog\link.command.1.tlog
c:\users\james\documents\github\quake2-full\game\release\game.tlog\link.read.1.tlog
c:\users\james\documents\github\quake2-full\game\release\game.tlog\link.write.1.tlog
c:\users\james\documents\github\quake2-full\game\release\game.tlog\link.write.2u.tlog
