c:\users\james\documents\github\quake2-full\ref_soft\release\vc143.pdb
c:\users\james\documents\github\quake2-full\ref_soft\release\q_shared.nativecodeanalysis.sarif
c:\users\james\documents\github\quake2-full\ref_soft\release\q_shared.nativecodeanalysis.xml
c:\users\james\documents\github\quake2-full\ref_soft\release\q_shwin.nativecodeanalysis.sarif
c:\users\james\documents\github\quake2-full\ref_soft\release\q_shwin.nativecodeanalysis.xml
c:\users\james\documents\github\quake2-full\ref_soft\release\r_aclip.nativecodeanalysis.sarif
c:\users\james\documents\github\quake2-full\ref_soft\release\r_aclip.nativecodeanalysis.xml
c:\users\james\documents\github\quake2-full\ref_soft\release\r_alias.nativecodeanalysis.sarif
c:\users\james\documents\github\quake2-full\ref_soft\release\r_alias.nativecodeanalysis.xml
c:\users\james\documents\github\quake2-full\ref_soft\release\r_bsp.nativecodeanalysis.sarif
c:\users\james\documents\github\quake2-full\ref_soft\release\r_bsp.nativecodeanalysis.xml
c:\users\james\documents\github\quake2-full\ref_soft\release\r_draw.nativecodeanalysis.sarif
c:\users\james\documents\github\quake2-full\ref_soft\release\r_draw.nativecodeanalysis.xml
c:\users\james\documents\github\quake2-full\ref_soft\release\r_edge.nativecodeanalysis.sarif
c:\users\james\documents\github\quake2-full\ref_soft\release\r_edge.nativecodeanalysis.xml
c:\users\james\documents\github\quake2-full\ref_soft\release\r_image.nativecodeanalysis.sarif
c:\users\james\documents\github\quake2-full\ref_soft\release\r_image.nativecodeanalysis.xml
c:\users\james\documents\github\quake2-full\ref_soft\release\r_light.nativecodeanalysis.sarif
c:\users\james\documents\github\quake2-full\ref_soft\release\r_light.nativecodeanalysis.xml
c:\users\james\documents\github\quake2-full\ref_soft\release\r_main.nativecodeanalysis.sarif
c:\users\james\documents\github\quake2-full\ref_soft\release\r_main.nativecodeanalysis.xml
c:\users\james\documents\github\quake2-full\ref_soft\release\r_misc.nativecodeanalysis.sarif
c:\users\james\documents\github\quake2-full\ref_soft\release\r_misc.nativecodeanalysis.xml
c:\users\james\documents\github\quake2-full\ref_soft\release\r_model.nativecodeanalysis.sarif
c:\users\james\documents\github\quake2-full\ref_soft\release\r_model.nativecodeanalysis.xml
c:\users\james\documents\github\quake2-full\ref_soft\release\r_part.nativecodeanalysis.sarif
c:\users\james\documents\github\quake2-full\ref_soft\release\r_part.nativecodeanalysis.xml
c:\users\james\documents\github\quake2-full\ref_soft\release\r_poly.nativecodeanalysis.sarif
c:\users\james\documents\github\quake2-full\ref_soft\release\r_poly.nativecodeanalysis.xml
c:\users\james\documents\github\quake2-full\ref_soft\release\r_polyse.nativecodeanalysis.sarif
c:\users\james\documents\github\quake2-full\ref_soft\release\r_polyse.nativecodeanalysis.xml
c:\users\james\documents\github\quake2-full\ref_soft\release\r_rast.nativecodeanalysis.sarif
c:\users\james\documents\github\quake2-full\ref_soft\release\r_rast.nativecodeanalysis.xml
c:\users\james\documents\github\quake2-full\ref_soft\release\r_scan.nativecodeanalysis.sarif
c:\users\james\documents\github\quake2-full\ref_soft\release\r_scan.nativecodeanalysis.xml
c:\users\james\documents\github\quake2-full\ref_soft\release\r_sprite.nativecodeanalysis.sarif
c:\users\james\documents\github\quake2-full\ref_soft\release\r_sprite.nativecodeanalysis.xml
c:\users\james\documents\github\quake2-full\ref_soft\release\r_surf.nativecodeanalysis.sarif
c:\users\james\documents\github\quake2-full\ref_soft\release\r_surf.nativecodeanalysis.xml
c:\users\james\documents\github\quake2-full\ref_soft\release\rw_ddraw.nativecodeanalysis.sarif
c:\users\james\documents\github\quake2-full\ref_soft\release\rw_ddraw.nativecodeanalysis.xml
c:\users\james\documents\github\quake2-full\ref_soft\release\rw_ddraw.obj
c:\users\james\documents\github\quake2-full\ref_soft\release\r_surf.obj
c:\users\james\documents\github\quake2-full\ref_soft\release\r_sprite.obj
c:\users\james\documents\github\quake2-full\ref_soft\release\r_scan.obj
c:\users\james\documents\github\quake2-full\ref_soft\release\r_rast.obj
c:\users\james\documents\github\quake2-full\ref_soft\release\r_polyse.obj
c:\users\james\documents\github\quake2-full\ref_soft\release\r_poly.obj
c:\users\james\documents\github\quake2-full\ref_soft\release\r_part.obj
c:\users\james\documents\github\quake2-full\ref_soft\release\r_model.obj
c:\users\james\documents\github\quake2-full\ref_soft\release\r_misc.obj
c:\users\james\documents\github\quake2-full\ref_soft\release\r_main.obj
c:\users\james\documents\github\quake2-full\ref_soft\release\r_light.obj
c:\users\james\documents\github\quake2-full\ref_soft\release\r_image.obj
c:\users\james\documents\github\quake2-full\ref_soft\release\r_edge.obj
c:\users\james\documents\github\quake2-full\ref_soft\release\r_draw.obj
c:\users\james\documents\github\quake2-full\ref_soft\release\r_bsp.obj
c:\users\james\documents\github\quake2-full\ref_soft\release\r_alias.obj
c:\users\james\documents\github\quake2-full\ref_soft\release\r_aclip.obj
c:\users\james\documents\github\quake2-full\ref_soft\release\q_shwin.obj
c:\users\james\documents\github\quake2-full\ref_soft\release\q_shared.obj
c:\users\james\documents\github\quake2-full\ref_soft\release\rw_dib.nativecodeanalysis.sarif
c:\users\james\documents\github\quake2-full\ref_soft\release\rw_dib.nativecodeanalysis.xml
c:\users\james\documents\github\quake2-full\ref_soft\release\rw_imp.nativecodeanalysis.sarif
c:\users\james\documents\github\quake2-full\ref_soft\release\rw_imp.nativecodeanalysis.xml
c:\users\james\documents\github\quake2-full\ref_soft\release\rw_imp.obj
c:\users\james\documents\github\quake2-full\ref_soft\release\rw_dib.obj
c:\users\james\documents\github\quake2-full\release\.obj
c:\users\james\documents\github\quake2-full\ref_soft\release\ref_soft.tlog\cl.command.1.tlog
c:\users\james\documents\github\quake2-full\ref_soft\release\ref_soft.tlog\cl.read.1.tlog
c:\users\james\documents\github\quake2-full\ref_soft\release\ref_soft.tlog\cl.write.1.tlog
c:\users\james\documents\github\quake2-full\ref_soft\release\ref_soft.tlog\custombuild.command.1.tlog
c:\users\james\documents\github\quake2-full\ref_soft\release\ref_soft.tlog\custombuild.read.1.tlog
c:\users\james\documents\github\quake2-full\ref_soft\release\ref_soft.tlog\custombuild.write.1.tlog
c:\users\james\documents\github\quake2-full\ref_soft\release\ref_soft.tlog\link.command.1.tlog
c:\users\james\documents\github\quake2-full\ref_soft\release\ref_soft.tlog\link.read.1.tlog
c:\users\james\documents\github\quake2-full\ref_soft\release\ref_soft.tlog\link.write.1.tlog
