c:\users\james\documents\github\quake2-full\ref_gl\release\vc143.pdb
c:\users\james\documents\github\quake2-full\ref_gl\release\gl_draw.nativecodeanalysis.sarif
c:\users\james\documents\github\quake2-full\ref_gl\release\gl_draw.nativecodeanalysis.xml
c:\users\james\documents\github\quake2-full\ref_gl\release\gl_image.nativecodeanalysis.sarif
c:\users\james\documents\github\quake2-full\ref_gl\release\gl_image.nativecodeanalysis.xml
c:\users\james\documents\github\quake2-full\ref_gl\release\gl_light.nativecodeanalysis.sarif
c:\users\james\documents\github\quake2-full\ref_gl\release\gl_light.nativecodeanalysis.xml
c:\users\james\documents\github\quake2-full\ref_gl\release\gl_mesh.nativecodeanalysis.sarif
c:\users\james\documents\github\quake2-full\ref_gl\release\gl_mesh.nativecodeanalysis.xml
c:\users\james\documents\github\quake2-full\ref_gl\release\gl_model.nativecodeanalysis.sarif
c:\users\james\documents\github\quake2-full\ref_gl\release\gl_model.nativecodeanalysis.xml
c:\users\james\documents\github\quake2-full\ref_gl\release\gl_rmain.nativecodeanalysis.sarif
c:\users\james\documents\github\quake2-full\ref_gl\release\gl_rmain.nativecodeanalysis.xml
c:\users\james\documents\github\quake2-full\ref_gl\release\gl_rmisc.nativecodeanalysis.sarif
c:\users\james\documents\github\quake2-full\ref_gl\release\gl_rmisc.nativecodeanalysis.xml
c:\users\james\documents\github\quake2-full\ref_gl\release\gl_rsurf.nativecodeanalysis.sarif
c:\users\james\documents\github\quake2-full\ref_gl\release\gl_rsurf.nativecodeanalysis.xml
c:\users\james\documents\github\quake2-full\ref_gl\release\gl_warp.nativecodeanalysis.sarif
c:\users\james\documents\github\quake2-full\ref_gl\release\gl_warp.nativecodeanalysis.xml
c:\users\james\documents\github\quake2-full\ref_gl\release\glw_imp.nativecodeanalysis.sarif
c:\users\james\documents\github\quake2-full\ref_gl\release\glw_imp.nativecodeanalysis.xml
c:\users\james\documents\github\quake2-full\ref_gl\release\q_shared.nativecodeanalysis.sarif
c:\users\james\documents\github\quake2-full\ref_gl\release\q_shared.nativecodeanalysis.xml
c:\users\james\documents\github\quake2-full\ref_gl\release\q_shwin.nativecodeanalysis.sarif
c:\users\james\documents\github\quake2-full\ref_gl\release\q_shwin.nativecodeanalysis.xml
c:\users\james\documents\github\quake2-full\ref_gl\release\qgl_win.nativecodeanalysis.sarif
c:\users\james\documents\github\quake2-full\ref_gl\release\qgl_win.nativecodeanalysis.xml
c:\users\james\documents\github\quake2-full\ref_gl\release\qgl_win.obj
c:\users\james\documents\github\quake2-full\ref_gl\release\q_shwin.obj
c:\users\james\documents\github\quake2-full\ref_gl\release\q_shared.obj
c:\users\james\documents\github\quake2-full\ref_gl\release\glw_imp.obj
c:\users\james\documents\github\quake2-full\ref_gl\release\gl_warp.obj
c:\users\james\documents\github\quake2-full\ref_gl\release\gl_rsurf.obj
c:\users\james\documents\github\quake2-full\ref_gl\release\gl_rmisc.obj
c:\users\james\documents\github\quake2-full\ref_gl\release\gl_rmain.obj
c:\users\james\documents\github\quake2-full\ref_gl\release\gl_model.obj
c:\users\james\documents\github\quake2-full\ref_gl\release\gl_mesh.obj
c:\users\james\documents\github\quake2-full\ref_gl\release\gl_light.obj
c:\users\james\documents\github\quake2-full\ref_gl\release\gl_image.obj
c:\users\james\documents\github\quake2-full\ref_gl\release\gl_draw.obj
c:\users\james\documents\github\quake2-full\release\ref_gl.dll
c:\users\james\documents\github\quake2-full\release\ref_gl.lib
c:\users\james\documents\github\quake2-full\release\ref_gl.exp
c:\users\james\documents\github\quake2-full\ref_gl\release\vc.nativecodeanalysis.all.xml
c:\users\james\documents\github\quake2-full\ref_gl\release\ref_gl.tlog\cl.command.1.tlog
c:\users\james\documents\github\quake2-full\ref_gl\release\ref_gl.tlog\cl.read.1.tlog
c:\users\james\documents\github\quake2-full\ref_gl\release\ref_gl.tlog\cl.write.1.tlog
c:\users\james\documents\github\quake2-full\ref_gl\release\ref_gl.tlog\link.command.1.tlog
c:\users\james\documents\github\quake2-full\ref_gl\release\ref_gl.tlog\link.read.1.tlog
c:\users\james\documents\github\quake2-full\ref_gl\release\ref_gl.tlog\link.write.1.tlog
c:\users\james\documents\github\quake2-full\ref_gl\release\ref_gl.tlog\link.write.2u.tlog
