c:\users\james\documents\github\quake2-full\ctf\release\vc143.pdb
c:\users\james\documents\github\quake2-full\ctf\release\g_ai.nativecodeanalysis.sarif
c:\users\james\documents\github\quake2-full\ctf\release\g_ai.nativecodeanalysis.xml
c:\users\james\documents\github\quake2-full\ctf\release\g_chase.nativecodeanalysis.sarif
c:\users\james\documents\github\quake2-full\ctf\release\g_chase.nativecodeanalysis.xml
c:\users\james\documents\github\quake2-full\ctf\release\g_cmds.nativecodeanalysis.sarif
c:\users\james\documents\github\quake2-full\ctf\release\g_cmds.nativecodeanalysis.xml
c:\users\james\documents\github\quake2-full\ctf\release\g_combat.nativecodeanalysis.sarif
c:\users\james\documents\github\quake2-full\ctf\release\g_combat.nativecodeanalysis.xml
c:\users\james\documents\github\quake2-full\ctf\release\g_ctf.nativecodeanalysis.sarif
c:\users\james\documents\github\quake2-full\ctf\release\g_ctf.nativecodeanalysis.xml
c:\users\james\documents\github\quake2-full\ctf\release\g_func.nativecodeanalysis.sarif
c:\users\james\documents\github\quake2-full\ctf\release\g_func.nativecodeanalysis.xml
c:\users\james\documents\github\quake2-full\ctf\release\g_items.nativecodeanalysis.sarif
c:\users\james\documents\github\quake2-full\ctf\release\g_items.nativecodeanalysis.xml
c:\users\james\documents\github\quake2-full\ctf\release\g_main.nativecodeanalysis.sarif
c:\users\james\documents\github\quake2-full\ctf\release\g_main.nativecodeanalysis.xml
c:\users\james\documents\github\quake2-full\ctf\release\g_misc.nativecodeanalysis.sarif
c:\users\james\documents\github\quake2-full\ctf\release\g_misc.nativecodeanalysis.xml
c:\users\james\documents\github\quake2-full\ctf\release\g_monster.nativecodeanalysis.sarif
c:\users\james\documents\github\quake2-full\ctf\release\g_monster.nativecodeanalysis.xml
c:\users\james\documents\github\quake2-full\ctf\release\g_phys.nativecodeanalysis.sarif
c:\users\james\documents\github\quake2-full\ctf\release\g_phys.nativecodeanalysis.xml
c:\users\james\documents\github\quake2-full\ctf\release\g_save.nativecodeanalysis.sarif
c:\users\james\documents\github\quake2-full\ctf\release\g_save.nativecodeanalysis.xml
c:\users\james\documents\github\quake2-full\ctf\release\g_spawn.nativecodeanalysis.sarif
c:\users\james\documents\github\quake2-full\ctf\release\g_spawn.nativecodeanalysis.xml
c:\users\james\documents\github\quake2-full\ctf\release\g_svcmds.nativecodeanalysis.sarif
c:\users\james\documents\github\quake2-full\ctf\release\g_svcmds.nativecodeanalysis.xml
c:\users\james\documents\github\quake2-full\ctf\release\g_target.nativecodeanalysis.sarif
c:\users\james\documents\github\quake2-full\ctf\release\g_target.nativecodeanalysis.xml
c:\users\james\documents\github\quake2-full\ctf\release\g_trigger.nativecodeanalysis.sarif
c:\users\james\documents\github\quake2-full\ctf\release\g_trigger.nativecodeanalysis.xml
c:\users\james\documents\github\quake2-full\ctf\release\g_utils.nativecodeanalysis.sarif
c:\users\james\documents\github\quake2-full\ctf\release\g_utils.nativecodeanalysis.xml
c:\users\james\documents\github\quake2-full\ctf\release\g_weapon.nativecodeanalysis.sarif
c:\users\james\documents\github\quake2-full\ctf\release\g_weapon.nativecodeanalysis.xml
c:\users\james\documents\github\quake2-full\ctf\release\m_move.nativecodeanalysis.sarif
c:\users\james\documents\github\quake2-full\ctf\release\m_move.nativecodeanalysis.xml
c:\users\james\documents\github\quake2-full\ctf\release\p_client.nativecodeanalysis.sarif
c:\users\james\documents\github\quake2-full\ctf\release\p_client.nativecodeanalysis.xml
c:\users\james\documents\github\quake2-full\ctf\release\p_client.obj
c:\users\james\documents\github\quake2-full\ctf\release\m_move.obj
c:\users\james\documents\github\quake2-full\ctf\release\g_weapon.obj
c:\users\james\documents\github\quake2-full\ctf\release\g_utils.obj
c:\users\james\documents\github\quake2-full\ctf\release\g_trigger.obj
c:\users\james\documents\github\quake2-full\ctf\release\g_target.obj
c:\users\james\documents\github\quake2-full\ctf\release\g_svcmds.obj
c:\users\james\documents\github\quake2-full\ctf\release\g_spawn.obj
c:\users\james\documents\github\quake2-full\ctf\release\g_save.obj
c:\users\james\documents\github\quake2-full\ctf\release\g_phys.obj
c:\users\james\documents\github\quake2-full\ctf\release\g_monster.obj
c:\users\james\documents\github\quake2-full\ctf\release\g_misc.obj
c:\users\james\documents\github\quake2-full\ctf\release\g_main.obj
c:\users\james\documents\github\quake2-full\ctf\release\g_items.obj
c:\users\james\documents\github\quake2-full\ctf\release\g_func.obj
c:\users\james\documents\github\quake2-full\ctf\release\g_ctf.obj
c:\users\james\documents\github\quake2-full\ctf\release\g_combat.obj
c:\users\james\documents\github\quake2-full\ctf\release\g_cmds.obj
c:\users\james\documents\github\quake2-full\ctf\release\g_chase.obj
c:\users\james\documents\github\quake2-full\ctf\release\g_ai.obj
c:\users\james\documents\github\quake2-full\ctf\release\p_hud.nativecodeanalysis.sarif
c:\users\james\documents\github\quake2-full\ctf\release\p_hud.nativecodeanalysis.xml
c:\users\james\documents\github\quake2-full\ctf\release\p_menu.nativecodeanalysis.sarif
c:\users\james\documents\github\quake2-full\ctf\release\p_menu.nativecodeanalysis.xml
c:\users\james\documents\github\quake2-full\ctf\release\p_trail.nativecodeanalysis.sarif
c:\users\james\documents\github\quake2-full\ctf\release\p_trail.nativecodeanalysis.xml
c:\users\james\documents\github\quake2-full\ctf\release\p_view.nativecodeanalysis.sarif
c:\users\james\documents\github\quake2-full\ctf\release\p_view.nativecodeanalysis.xml
c:\users\james\documents\github\quake2-full\ctf\release\p_weapon.nativecodeanalysis.sarif
c:\users\james\documents\github\quake2-full\ctf\release\p_weapon.nativecodeanalysis.xml
c:\users\james\documents\github\quake2-full\ctf\release\q_shared.nativecodeanalysis.sarif
c:\users\james\documents\github\quake2-full\ctf\release\q_shared.nativecodeanalysis.xml
c:\users\james\documents\github\quake2-full\ctf\release\q_shared.obj
c:\users\james\documents\github\quake2-full\ctf\release\p_weapon.obj
c:\users\james\documents\github\quake2-full\ctf\release\p_view.obj
c:\users\james\documents\github\quake2-full\ctf\release\p_trail.obj
c:\users\james\documents\github\quake2-full\ctf\release\p_menu.obj
c:\users\james\documents\github\quake2-full\ctf\release\p_hud.obj
c:\users\james\documents\github\quake2-full\ctf\release\gamex86.dll
c:\users\james\documents\github\quake2-full\ctf\release\ctf.pdb
c:\users\james\documents\github\quake2-full\ctf\release\gamex86.lib
c:\users\james\documents\github\quake2-full\ctf\release\gamex86.exp
c:\users\james\documents\github\quake2-full\ctf\release\vc.nativecodeanalysis.all.xml
c:\users\james\documents\github\quake2-full\ctf\release\ctf.tlog\cl.command.1.tlog
c:\users\james\documents\github\quake2-full\ctf\release\ctf.tlog\cl.read.1.tlog
c:\users\james\documents\github\quake2-full\ctf\release\ctf.tlog\cl.write.1.tlog
c:\users\james\documents\github\quake2-full\ctf\release\ctf.tlog\link.command.1.tlog
c:\users\james\documents\github\quake2-full\ctf\release\ctf.tlog\link.read.1.tlog
c:\users\james\documents\github\quake2-full\ctf\release\ctf.tlog\link.write.1.tlog
c:\users\james\documents\github\quake2-full\ctf\release\ctf.tlog\link.write.2u.tlog
